app/build/outputs/logs/manifest-merger-debug-report.txt
-- Merging decision tree log ---
manifest
ADDED from src/main/AndroidManifest.xml:2:1-58:12
	package
		ADDED from src/main/AndroidManifest.xml:3:5-39
		INJECTED from src/main/AndroidManifest.xml
		INJECTED from src/main/AndroidManifest.xml
	android:versionName
		ADDED from src/main/AndroidManifest.xml:5:5-30
		INJECTED from src/main/AndroidManifest.xml
		INJECTED from src/main/AndroidManifest.xml
	android:versionCode
		ADDED from src/main/AndroidManifest.xml:4:5-28
		INJECTED from src/main/AndroidManifest.xml
		INJECTED from src/main/AndroidManifest.xml
	xmlns:android
		ADDED from src/main/AndroidManifest.xml:2:11-69
uses-sdk
ADDED from src/main/AndroidManifest.xml:7:5-9:41
	android:targetSdkVersion
		ADDED from src/main/AndroidManifest.xml:9:9-38
		INJECTED from src/main/AndroidManifest.xml
		INJECTED from src/main/AndroidManifest.xml
	android:minSdkVersion
		ADDED from src/main/AndroidManifest.xml:8:9-34
		INJECTED from src/main/AndroidManifest.xml
		INJECTED from src/main/AndroidManifest.xml
uses-permission#android.permission.INTERNET
ADDED from src/main/AndroidManifest.xml:10:5-66
	android:name
		ADDED from src/main/AndroidManifest.xml:10:22-64
uses-permission#android.permission.WRITE_EXTERNAL_STORAGE
ADDED from src/main/AndroidManifest.xml:11:5-80
	android:name
		ADDED from src/main/AndroidManifest.xml:11:22-78
application
ADDED from src/main/AndroidManifest.xml:13:5-56:19
	android:label
		ADDED from src/main/AndroidManifest.xml:16:9-41
	android:allowBackup
		ADDED from src/main/AndroidManifest.xml:14:9-35
	android:icon
		ADDED from src/main/AndroidManifest.xml:15:9-36
	android:theme
		ADDED from src/main/AndroidManifest.xml:17:9-40
activity#com.example.autocomplete.MainActivity
ADDED from src/main/AndroidManifest.xml:18:9-27:20
	android:screenOrientation
		ADDED from src/main/AndroidManifest.xml:21:49-85
	android:label
		ADDED from src/main/AndroidManifest.xml:20:13-45
	android:configChanges
		ADDED from src/main/AndroidManifest.xml:21:13-48
	android:name
		ADDED from src/main/AndroidManifest.xml:19:13-65
intent-filter#android.intent.action.MAIN+android.intent.category.DEFAULT
ADDED from src/main/AndroidManifest.xml:22:13-26:29
action#android.intent.action.MAIN
ADDED from src/main/AndroidManifest.xml:23:17-69
	android:name
		ADDED from src/main/AndroidManifest.xml:23:25-66
category#android.intent.category.DEFAULT
ADDED from src/main/AndroidManifest.xml:25:17-76
	android:name
		ADDED from src/main/AndroidManifest.xml:25:27-73
activity#com.example.autocomplete.weather_page
ADDED from src/main/AndroidManifest.xml:28:9-35:20
	android:screenOrientation
		ADDED from src/main/AndroidManifest.xml:28:83-119
	android:configChanges
		ADDED from src/main/AndroidManifest.xml:28:47-82
	android:name
		ADDED from src/main/AndroidManifest.xml:28:19-46
activity#com.example.autocomplete.mp
ADDED from src/main/AndroidManifest.xml:36:9-121
	android:screenOrientation
		ADDED from src/main/AndroidManifest.xml:36:73-109
	android:configChanges
		ADDED from src/main/AndroidManifest.xml:36:37-72
	android:name
		ADDED from src/main/AndroidManifest.xml:36:19-36
activity#com.example.autocomplete.farm
ADDED from src/main/AndroidManifest.xml:37:9-123
	android:screenOrientation
		ADDED from src/main/AndroidManifest.xml:37:75-111
	android:configChanges
		ADDED from src/main/AndroidManifest.xml:37:39-74
	android:name
		ADDED from src/main/AndroidManifest.xml:37:19-38
activity#com.example.autocomplete.insect
ADDED from src/main/AndroidManifest.xml:38:9-125
	android:screenOrientation
		ADDED from src/main/AndroidManifest.xml:38:77-113
	android:configChanges
		ADDED from src/main/AndroidManifest.xml:38:41-76
	android:name
		ADDED from src/main/AndroidManifest.xml:38:19-40
activity#com.example.autocomplete.farmer_info
ADDED from src/main/AndroidManifest.xml:39:9-45:20
	android:screenOrientation
		ADDED from src/main/AndroidManifest.xml:39:82-118
	android:configChanges
		ADDED from src/main/AndroidManifest.xml:39:46-81
	android:name
		ADDED from src/main/AndroidManifest.xml:39:19-45
activity#com.example.autocomplete.start
ADDED from src/main/AndroidManifest.xml:46:9-52:20
	android:screenOrientation
		ADDED from src/main/AndroidManifest.xml:46:76-112
	android:configChanges
		ADDED from src/main/AndroidManifest.xml:46:40-75
	android:name
		ADDED from src/main/AndroidManifest.xml:46:19-39
intent-filter#android.intent.action.MAIN+android.intent.category.LAUNCHER
ADDED from src/main/AndroidManifest.xml:47:13-51:29
category#android.intent.category.LAUNCHER
ADDED from src/main/AndroidManifest.xml:50:17-77
	android:name
		ADDED from src/main/AndroidManifest.xml:50:27-74
activity#com.example.autocomplete.soil
ADDED from src/main/AndroidManifest.xml:53:9-123
	android:screenOrientation
		ADDED from src/main/AndroidManifest.xml:53:75-111
	android:configChanges
		ADDED from src/main/AndroidManifest.xml:53:39-74
	android:name
		ADDED from src/main/AndroidManifest.xml:53:19-38
activity#com.example.autocomplete.best_farmer
ADDED from src/main/AndroidManifest.xml:54:9-130
	android:screenOrientation
		ADDED from src/main/AndroidManifest.xml:54:82-118
	android:configChanges
		ADDED from src/main/AndroidManifest.xml:54:46-81
	android:name
		ADDED from src/main/AndroidManifest.xml:54:19-45
activity#com.example.autocomplete.about_us
ADDED from src/main/AndroidManifest.xml:55:9-127
	android:screenOrientation
		ADDED from src/main/AndroidManifest.xml:55:79-115
	android:configChanges
		ADDED from src/main/AndroidManifest.xml:55:43-78
	android:name
		ADDED from src/main/AndroidManifest.xml:55:19-42